{"C:\\Users\\Amine\\Desktop\\Tp-tests\\Entities\\User.js": {"path":"C:\\Users\\Amine\\Desktop\\Tp-tests\\Entities\\User.js","statementMap":{"0":{"start":{"line":3,"column":8},"end":{"line":3,"column":33}},"1":{"start":{"line":4,"column":8},"end":{"line":4,"column":35}},"2":{"start":{"line":5,"column":8},"end":{"line":5,"column":27}},"3":{"start":{"line":6,"column":8},"end":{"line":6,"column":33}},"4":{"start":{"line":7,"column":8},"end":{"line":7,"column":39}},"5":{"start":{"line":8,"column":8},"end":{"line":8,"column":33}},"6":{"start":{"line":12,"column":8},"end":{"line":16,"column":9}},"7":{"start":{"line":13,"column":12},"end":{"line":13,"column":24}},"8":{"start":{"line":15,"column":12},"end":{"line":15,"column":25}},"9":{"start":{"line":20,"column":8},"end":{"line":24,"column":9}},"10":{"start":{"line":21,"column":12},"end":{"line":21,"column":24}},"11":{"start":{"line":23,"column":12},"end":{"line":23,"column":25}},"12":{"start":{"line":28,"column":30},"end":{"line":28,"column":85}},"13":{"start":{"line":30,"column":29},"end":{"line":30,"column":56}},"14":{"start":{"line":32,"column":29},"end":{"line":32,"column":56}},"15":{"start":{"line":34,"column":25},"end":{"line":34,"column":49}},"16":{"start":{"line":36,"column":8},"end":{"line":40,"column":9}},"17":{"start":{"line":37,"column":12},"end":{"line":37,"column":24}},"18":{"start":{"line":39,"column":12},"end":{"line":39,"column":25}},"19":{"start":{"line":44,"column":28},"end":{"line":44,"column":54}},"20":{"start":{"line":46,"column":28},"end":{"line":46,"column":38}},"21":{"start":{"line":48,"column":41},"end":{"line":48,"column":66}},"22":{"start":{"line":50,"column":32},"end":{"line":50,"column":89}},"23":{"start":{"line":52,"column":8},"end":{"line":56,"column":9}},"24":{"start":{"line":53,"column":12},"end":{"line":53,"column":24}},"25":{"start":{"line":55,"column":12},"end":{"line":55,"column":25}},"26":{"start":{"line":60,"column":27},"end":{"line":60,"column":55}},"27":{"start":{"line":61,"column":8},"end":{"line":61,"column":43}},"28":{"start":{"line":65,"column":8},"end":{"line":69,"column":9}},"29":{"start":{"line":66,"column":12},"end":{"line":66,"column":24}},"30":{"start":{"line":68,"column":12},"end":{"line":68,"column":25}},"31":{"start":{"line":76,"column":0},"end":{"line":76,"column":22}}},"fnMap":{"0":{"name":"(anonymous_0)","decl":{"start":{"line":2,"column":4},"end":{"line":2,"column":5}},"loc":{"start":{"line":2,"column":77},"end":{"line":9,"column":5}},"line":2},"1":{"name":"(anonymous_1)","decl":{"start":{"line":11,"column":4},"end":{"line":11,"column":5}},"loc":{"start":{"line":11,"column":21},"end":{"line":17,"column":5}},"line":11},"2":{"name":"(anonymous_2)","decl":{"start":{"line":19,"column":4},"end":{"line":19,"column":5}},"loc":{"start":{"line":19,"column":22},"end":{"line":25,"column":5}},"line":19},"3":{"name":"(anonymous_3)","decl":{"start":{"line":27,"column":4},"end":{"line":27,"column":5}},"loc":{"start":{"line":27,"column":21},"end":{"line":41,"column":5}},"line":27},"4":{"name":"(anonymous_4)","decl":{"start":{"line":43,"column":4},"end":{"line":43,"column":5}},"loc":{"start":{"line":43,"column":16},"end":{"line":57,"column":5}},"line":43},"5":{"name":"(anonymous_5)","decl":{"start":{"line":59,"column":4},"end":{"line":59,"column":5}},"loc":{"start":{"line":59,"column":19},"end":{"line":62,"column":5}},"line":59},"6":{"name":"(anonymous_6)","decl":{"start":{"line":64,"column":4},"end":{"line":64,"column":5}},"loc":{"start":{"line":64,"column":17},"end":{"line":70,"column":5}},"line":64}},"branchMap":{"0":{"loc":{"start":{"line":12,"column":8},"end":{"line":16,"column":9}},"type":"if","locations":[{"start":{"line":12,"column":8},"end":{"line":16,"column":9}},{"start":{"line":14,"column":15},"end":{"line":16,"column":9}}],"line":12},"1":{"loc":{"start":{"line":20,"column":8},"end":{"line":24,"column":9}},"type":"if","locations":[{"start":{"line":20,"column":8},"end":{"line":24,"column":9}},{"start":{"line":22,"column":15},"end":{"line":24,"column":9}}],"line":20},"2":{"loc":{"start":{"line":28,"column":30},"end":{"line":28,"column":85}},"type":"binary-expr","locations":[{"start":{"line":28,"column":30},"end":{"line":28,"column":55}},{"start":{"line":28,"column":59},"end":{"line":28,"column":85}}],"line":28},"3":{"loc":{"start":{"line":36,"column":8},"end":{"line":40,"column":9}},"type":"if","locations":[{"start":{"line":36,"column":8},"end":{"line":40,"column":9}},{"start":{"line":38,"column":15},"end":{"line":40,"column":9}}],"line":36},"4":{"loc":{"start":{"line":36,"column":12},"end":{"line":36,"column":69}},"type":"binary-expr","locations":[{"start":{"line":36,"column":12},"end":{"line":36,"column":25}},{"start":{"line":36,"column":29},"end":{"line":36,"column":41}},{"start":{"line":36,"column":45},"end":{"line":36,"column":57}},{"start":{"line":36,"column":61},"end":{"line":36,"column":69}}],"line":36},"5":{"loc":{"start":{"line":52,"column":8},"end":{"line":56,"column":9}},"type":"if","locations":[{"start":{"line":52,"column":8},"end":{"line":56,"column":9}},{"start":{"line":54,"column":15},"end":{"line":56,"column":9}}],"line":52},"6":{"loc":{"start":{"line":65,"column":8},"end":{"line":69,"column":9}},"type":"if","locations":[{"start":{"line":65,"column":8},"end":{"line":69,"column":9}},{"start":{"line":67,"column":15},"end":{"line":69,"column":9}}],"line":65},"7":{"loc":{"start":{"line":65,"column":12},"end":{"line":65,"column":131}},"type":"binary-expr","locations":[{"start":{"line":65,"column":12},"end":{"line":65,"column":35}},{"start":{"line":65,"column":39},"end":{"line":65,"column":61}},{"start":{"line":65,"column":65},"end":{"line":65,"column":87}},{"start":{"line":65,"column":91},"end":{"line":65,"column":108}},{"start":{"line":65,"column":112},"end":{"line":65,"column":131}}],"line":65}},"s":{"0":1,"1":1,"2":1,"3":1,"4":1,"5":1,"6":0,"7":0,"8":0,"9":0,"10":0,"11":0,"12":0,"13":0,"14":0,"15":0,"16":0,"17":0,"18":0,"19":0,"20":0,"21":0,"22":0,"23":0,"24":0,"25":0,"26":1,"27":1,"28":0,"29":0,"30":0,"31":1},"f":{"0":1,"1":0,"2":0,"3":0,"4":0,"5":1,"6":0},"b":{"0":[0,0],"1":[0,0],"2":[0,0],"3":[0,0],"4":[0,0,0,0],"5":[0,0],"6":[0,0],"7":[0,0,0,0,0]},"_coverageSchema":"1a1c01bbd47fc00a2c39e90264f33305004495a9","hash":"ceeca35ffdb99d683a2595c588c06b73818042e0"}
}
