TN:
SF:Entities\User.js
FN:2,(anonymous_0)
FN:11,(anonymous_1)
FN:19,(anonymous_2)
FN:27,(anonymous_3)
FN:43,(anonymous_4)
FN:59,(anonymous_5)
FN:64,(anonymous_6)
FNF:7
FNH:2
FNDA:1,(anonymous_0)
FNDA:0,(anonymous_1)
FNDA:0,(anonymous_2)
FNDA:0,(anonymous_3)
FNDA:0,(anonymous_4)
FNDA:1,(anonymous_5)
FNDA:0,(anonymous_6)
DA:3,1
DA:4,1
DA:5,1
DA:6,1
DA:7,1
DA:8,1
DA:12,0
DA:13,0
DA:15,0
DA:20,0
DA:21,0
DA:23,0
DA:28,0
DA:30,0
DA:32,0
DA:34,0
DA:36,0
DA:37,0
DA:39,0
DA:44,0
DA:46,0
DA:48,0
DA:50,0
DA:52,0
DA:53,0
DA:55,0
DA:60,1
DA:61,1
DA:65,0
DA:66,0
DA:68,0
DA:76,1
LF:32
LH:9
BRDA:12,0,0,0
BRDA:12,0,1,0
BRDA:20,1,0,0
BRDA:20,1,1,0
BRDA:28,2,0,0
BRDA:28,2,1,0
BRDA:36,3,0,0
BRDA:36,3,1,0
BRDA:36,4,0,0
BRDA:36,4,1,0
BRDA:36,4,2,0
BRDA:36,4,3,0
BRDA:52,5,0,0
BRDA:52,5,1,0
BRDA:65,6,0,0
BRDA:65,6,1,0
BRDA:65,7,0,0
BRDA:65,7,1,0
BRDA:65,7,2,0
BRDA:65,7,3,0
BRDA:65,7,4,0
BRF:21
BRH:0
end_of_record
